<?xml version="1.0" encoding="UTF-8"?>
<testsuite xmlns:xsi="http://www.w3.org/2001/XMLSchema-instance" xsi:noNamespaceSchemaLocation="https://maven.apache.org/surefire/maven-surefire-plugin/xsd/surefire-test-report.xsd" version="3.0.2" name="com.howtogrow.backend.domain.time.AgeInMonthsCalculatorTest" time="0.012" tests="2" errors="0" skipped="0" failures="0">
  <properties>
[...]
</properties>
  <testcase name="rejectsOnDateBeforeBirth" classname="com.howtogrow.backend.domain.time.AgeInMonthsCalculatorTest" time="0.007"/>
  <testcase name="calculatesMonths" classname="com.howtogrow.backend.domain.time.AgeInMonthsCalculatorTest" time="0.001"/>
</testsuite>